<?xml version="1.0" encoding="utf-8"?><testsuites><testsuite name="pytest" errors="0" failures="0" skipped="0" tests="4" time="93.577" timestamp="2024-12-03T11:48:23.107715+05:00" hostname="faraz"><testcase classname="Testcase" name="test_LoginWithValidAdminUser" time="29.701" /><testcase classname="Testcase" name="test_SignUpWithNewUser" time="22.287" /><testcase classname="Testcase" name="test_LoginWithValidUser" time="19.422" /><testcase classname="Testcase" name="test_placed_Order" time="21.924" /></testsuite></testsuites>