<?xml version="1.0" encoding="utf-8"?><testsuites><testsuite name="pytest" errors="0" failures="0" skipped="3" tests="18" time="553.760" timestamp="2024-12-05T15:16:19.350020+05:00" hostname="faraz"><testcase classname="Testcase" name="test_LoginWithValidAdminUser[chrome]" time="33.034" /><testcase classname="Testcase" name="test_LoginWithValidAdminUser[firefox]" time="39.157" /><testcase classname="Testcase" name="test_LoginWithValidAdminUser[edge]" time="40.289" /><testcase classname="Testcase" name="test_SignUpWithNewUser[chrome]" time="0.001"><skipped type="pytest.skip" message="Skipping this test case intentionally">E:\Karara_eats_Web_testing\KararaEats_WebTesting\Testcase.py:128: Skipping this test case intentionally</skipped></testcase><testcase classname="Testcase" name="test_SignUpWithNewUser[firefox]" time="0.001"><skipped type="pytest.skip" message="Skipping this test case intentionally">E:\Karara_eats_Web_testing\KararaEats_WebTesting\Testcase.py:128: Skipping this test case intentionally</skipped></testcase><testcase classname="Testcase" name="test_SignUpWithNewUser[edge]" time="0.002"><skipped type="pytest.skip" message="Skipping this test case intentionally">E:\Karara_eats_Web_testing\KararaEats_WebTesting\Testcase.py:128: Skipping this test case intentionally</skipped></testcase><testcase classname="Testcase" name="test_LoginWithValidUser[chrome]" time="29.246" /><testcase classname="Testcase" name="test_LoginWithValidUser[firefox]" time="36.068" /><testcase classname="Testcase" name="test_LoginWithValidUser[edge]" time="22.066" /><testcase classname="Testcase" name="test_placed_Order_with_single_item[chrome]" time="34.169" /><testcase classname="Testcase" name="test_placed_Order_with_single_item[firefox]" time="38.581" /><testcase classname="Testcase" name="test_placed_Order_with_single_item[edge]" time="34.382" /><testcase classname="Testcase" name="test_placed_Order_with_multiple_item[chrome]" time="33.683" /><testcase classname="Testcase" name="test_placed_Order_with_multiple_item[firefox]" time="36.823" /><testcase classname="Testcase" name="test_placed_Order_with_multiple_item[edge]" time="32.886" /><testcase classname="Testcase" name="test_placed_Order_multiple_days_with_multiple_items[chrome]" time="64.598" /><testcase classname="Testcase" name="test_placed_Order_multiple_days_with_multiple_items[firefox]" time="40.265" /><testcase classname="Testcase" name="test_placed_Order_multiple_days_with_multiple_items[edge]" time="37.002" /></testsuite></testsuites>